<?xml version="1.0" encoding="UTF-8"?>
<!-- Generated by org.testng.reporters.JUnitReportReporter -->
<testsuite skipped="0" hostname="Notebook10" name="com.crm.qa.testcases.LoginPageTest" tests="3" failures="0" timestamp="19 Aug 2018 12:54:56 GMT" time="63.601" errors="0">
  <testcase name="LOginPageTitleTest" time="16.969" classname="com.crm.qa.testcases.LoginPageTest"/>
  <testcase name="CrmLogoImageTest" time="16.026" classname="com.crm.qa.testcases.LoginPageTest"/>
  <testcase name="LoginTest" time="30.606" classname="com.crm.qa.testcases.LoginPageTest"/>
</testsuite> <!-- com.crm.qa.testcases.LoginPageTest -->
