<?xml version="1.0" encoding="UTF-8"?>
<!-- Generated by org.testng.reporters.JUnitReportReporter -->
<testsuite skipped="0" hostname="Notebook10" name="com.crm.qa.testcases.HomePageTest" tests="3" failures="0" timestamp="19 Aug 2018 12:54:56 GMT" time="91.572" errors="0">
  <testcase name="verifyHomePageTitleTest" time="28.811" classname="com.crm.qa.testcases.HomePageTest"/>
  <testcase name="verifyUserNameTest" time="32.344" classname="com.crm.qa.testcases.HomePageTest"/>
  <testcase name="verifyContactsLinkTest" time="30.417" classname="com.crm.qa.testcases.HomePageTest"/>
</testsuite> <!-- com.crm.qa.testcases.HomePageTest -->
