<?xml version="1.0" encoding="UTF-8"?>
<!-- Generated by org.testng.reporters.JUnitReportReporter -->
<testsuite skipped="0" hostname="Notebook10" name="com.crm.qa.testcases.ContactsPageTest" tests="5" failures="0" timestamp="19 Aug 2018 12:54:56 GMT" time="172.214" errors="0">
  <testcase name="verifyContactsPageLabel" time="28.702" classname="com.crm.qa.testcases.ContactsPageTest"/>
  <testcase name="SelectContactsTest" time="33.407" classname="com.crm.qa.testcases.ContactsPageTest"/>
  <testcase name="validateCreateNewContact" time="39.447" classname="com.crm.qa.testcases.ContactsPageTest"/>
  <testcase name="validateCreateNewContact" time="36.120" classname="com.crm.qa.testcases.ContactsPageTest"/>
  <testcase name="validateCreateNewContact" time="34.538" classname="com.crm.qa.testcases.ContactsPageTest"/>
</testsuite> <!-- com.crm.qa.testcases.ContactsPageTest -->
